<?xml version="1.0" encoding="UTF-8"?>
<!-- Generated by org.testng.reporters.JUnitXMLReporter -->
<testsuite ignored="0" hostname="LAPTOP-TI082SJI" failures="1" tests="2" name="Test" time="18.975" errors="0" timestamp="2025-03-26T15:38:00 IST">
  <testcase classname="tests.TC_NC_026" name="newCustomerAdding" time="0.401"/>
  <testcase classname="tests.TC_NC_027" name="newCustomerAdding" time="0.411">
    <failure type="java.lang.AssertionError" message=" Test failed: Expected error message &amp;apos;Emil-ID must not be blank&amp;apos; but got &amp;apos;Email-ID must not be blank&amp;apos;">
      <![CDATA[java.lang.AssertionError:  Test failed: Expected error message 'Emil-ID must not be blank' but got 'Email-ID must not be blank'
at tests.TC_NC_027.newCustomerAdding(TC_NC_027.java:29)
at java.base/java.util.ArrayList.forEach(ArrayList.java:1596)
... Removed 26 stack frames]]>
    </failure>
  </testcase> <!-- newCustomerAdding -->
</testsuite> <!-- Test -->
