<?xml version="1.0" encoding="UTF-8"?>
<!-- Generated by org.testng.reporters.JUnitXMLReporter -->
<testsuite ignored="1" hostname="LAPTOP-TI082SJI" failures="1" tests="2" name="Test" time="8.669" errors="0" timestamp="2025-03-26T12:32:37 IST">
  <testcase classname="tests.TC_NC_026" name="newCustomerAdding" time="0.261"/>
  <testcase classname="tests.TC_NC_027" name="newCustomerAdding" time="0.435">
    <failure type="java.lang.AssertionError" message="Error message mismatch expected [Emal-ID must not be blank] but found [Email-ID must not be blank]">
      <![CDATA[java.lang.AssertionError: Error message mismatch expected [Emal-ID must not be blank] but found [Email-ID must not be blank]
at tests.TC_NC_027.newCustomerAdding(TC_NC_027.java:21)
at java.base/java.util.concurrent.ThreadPoolExecutor.runWorker(ThreadPoolExecutor.java:1144)
at java.base/java.util.concurrent.ThreadPoolExecutor$Worker.run(ThreadPoolExecutor.java:642)
at java.base/java.lang.Thread.run(Thread.java:1583)
... Removed 15 stack frames]]>
    </failure>
  </testcase> <!-- newCustomerAdding -->
  <testcase classname="tests.TC_NC_028" name="newCustomerAdding" time="0.0">
    <ignored/>
  </testcase> <!-- newCustomerAdding -->
</testsuite> <!-- Test -->
