<?xml version="1.0" encoding="UTF-8"?>
<!-- Generated by org.testng.reporters.JUnitXMLReporter -->
<testsuite ignored="1" hostname="LAPTOP-TI082SJI" failures="0" tests="27" name="Test" time="447.049" errors="0" timestamp="2025-03-26T12:55:37 IST">
  <testcase classname="tests.TC_NC_001" name="newCustomerAdding" time="4.006"/>
  <testcase classname="tests.TC_NC_002" name="newCustomerAdding" time="0.492"/>
  <testcase classname="tests.TC_NC_003" name="newCustomerAdding" time="0.519"/>
  <testcase classname="tests.TC_NC_004" name="newCustomerAdding" time="0.738"/>
  <testcase classname="tests.TC_NC_005" name="newCustomerAdding" time="0.487"/>
  <testcase classname="tests.TC_NC_006" name="newCustomerAdding" time="0.538"/>
  <testcase classname="tests.TC_NC_007" name="newCustomerAdding" time="0.314"/>
  <testcase classname="tests.TC_NC_008" name="newCustomerAdding" time="0.314"/>
  <testcase classname="tests.TC_NC_009" name="newCustomerAdding" time="0.304"/>
  <testcase classname="tests.TC_NC_010" name="newCustomerAdding" time="0.515"/>
  <testcase classname="tests.TC_NC_011" name="newCustomerAdding" time="0.219"/>
  <testcase classname="tests.TC_NC_012" name="newCustomerAdding" time="0.316"/>
  <testcase classname="tests.TC_NC_013" name="newCustomerAdding" time="0.322"/>
  <testcase classname="tests.TC_NC_014" name="newCustomerAdding" time="0.477"/>
  <testcase classname="tests.TC_NC_015" name="newCustomerAdding" time="0.309"/>
  <testcase classname="tests.TC_NC_016" name="newCustomerAdding" time="0.288"/>
  <testcase classname="tests.TC_NC_017" name="newCustomerAdding" time="0.321"/>
  <testcase classname="tests.TC_NC_018" name="newCustomerAdding" time="0.417"/>
  <testcase classname="tests.TC_NC_019" name="newCustomerAdding" time="0.293"/>
  <testcase classname="tests.TC_NC_020" name="newCustomerAdding" time="0.312"/>
  <testcase classname="tests.TC_NC_021" name="newCustomerAdding" time="0.244"/>
  <testcase classname="tests.TC_NC_022" name="newCustomerAdding" time="0.446"/>
  <testcase classname="tests.TC_NC_023" name="newCustomerAdding" time="0.308"/>
  <testcase classname="tests.TC_NC_024" name="newCustomerAdding" time="0.287"/>
  <testcase classname="tests.TC_NC_025" name="newCustomerAdding" time="0.339"/>
  <testcase classname="tests.TC_NC_026" name="newCustomerAdding" time="0.379"/>
  <testcase classname="tests.TC_NC_027" name="newCustomerAdding" time="0.441"/>
  <testcase classname="tests.TC_NC_028" name="newCustomerAdding" time="0.0">
    <ignored/>
  </testcase> <!-- newCustomerAdding -->
</testsuite> <!-- Test -->
