<?xml version="1.0" encoding="UTF-8"?>
<testng-results ignored="0" total="27" passed="27" failed="0" skipped="0">
  <reporter-output>
  </reporter-output>
  <suite started-at="2025-03-26T12:48:08 IST" name="Suite" finished-at="2025-03-26T12:55:35 IST" duration-ms="447049">
    <groups>
    </groups>
    <test started-at="2025-03-26T12:48:08 IST" name="Test" finished-at="2025-03-26T12:55:35 IST" duration-ms="447049">
      <class name="tests.TC_NC_009">
        <test-method is-config="true" signature="setup()[pri:0, instance:tests.TC_NC_009@2dd80673]" started-at="2025-03-26T12:50:30 IST" name="setup" finished-at="2025-03-26T12:50:41 IST" duration-ms="11075" status="PASS">
          <reporter-output>
          </reporter-output>
        </test-method> <!-- setup -->
        <test-method signature="newCustomerAdding()[pri:0, instance:tests.TC_NC_009@2dd80673]" started-at="2025-03-26T12:50:41 IST" name="newCustomerAdding" finished-at="2025-03-26T12:50:41 IST" duration-ms="304" status="PASS">
          <reporter-output>
          </reporter-output>
        </test-method> <!-- newCustomerAdding -->
        <test-method is-config="true" signature="tearDownClass()[pri:0, instance:tests.TC_NC_009@2dd80673]" started-at="2025-03-26T12:50:41 IST" name="tearDownClass" finished-at="2025-03-26T12:50:41 IST" duration-ms="483" status="PASS">
          <reporter-output>
          </reporter-output>
        </test-method> <!-- tearDownClass -->
      </class> <!-- tests.TC_NC_009 -->
      <class name="tests.TC_NC_008">
        <test-method is-config="true" signature="setup()[pri:0, instance:tests.TC_NC_008@6ff65192]" started-at="2025-03-26T12:50:18 IST" name="setup" finished-at="2025-03-26T12:50:29 IST" duration-ms="11155" status="PASS">
          <reporter-output>
          </reporter-output>
        </test-method> <!-- setup -->
        <test-method signature="newCustomerAdding()[pri:0, instance:tests.TC_NC_008@6ff65192]" started-at="2025-03-26T12:50:29 IST" name="newCustomerAdding" finished-at="2025-03-26T12:50:29 IST" duration-ms="314" status="PASS">
          <reporter-output>
          </reporter-output>
        </test-method> <!-- newCustomerAdding -->
        <test-method is-config="true" signature="tearDownClass()[pri:0, instance:tests.TC_NC_008@6ff65192]" started-at="2025-03-26T12:50:29 IST" name="tearDownClass" finished-at="2025-03-26T12:50:30 IST" duration-ms="454" status="PASS">
          <reporter-output>
          </reporter-output>
        </test-method> <!-- tearDownClass -->
      </class> <!-- tests.TC_NC_008 -->
      <class name="tests.TC_NC_007">
        <test-method is-config="true" signature="setup()[pri:0, instance:tests.TC_NC_007@fc258b1]" started-at="2025-03-26T12:50:06 IST" name="setup" finished-at="2025-03-26T12:50:17 IST" duration-ms="11336" status="PASS">
          <reporter-output>
          </reporter-output>
        </test-method> <!-- setup -->
        <test-method signature="newCustomerAdding()[pri:0, instance:tests.TC_NC_007@fc258b1]" started-at="2025-03-26T12:50:17 IST" name="newCustomerAdding" finished-at="2025-03-26T12:50:17 IST" duration-ms="314" status="PASS">
          <reporter-output>
          </reporter-output>
        </test-method> <!-- newCustomerAdding -->
        <test-method is-config="true" signature="tearDownClass()[pri:0, instance:tests.TC_NC_007@fc258b1]" started-at="2025-03-26T12:50:17 IST" name="tearDownClass" finished-at="2025-03-26T12:50:18 IST" duration-ms="462" status="PASS">
          <reporter-output>
          </reporter-output>
        </test-method> <!-- tearDownClass -->
      </class> <!-- tests.TC_NC_007 -->
      <class name="tests.TC_NC_006">
        <test-method is-config="true" signature="setup()[pri:0, instance:tests.TC_NC_006@48d5f34e]" started-at="2025-03-26T12:49:40 IST" name="setup" finished-at="2025-03-26T12:50:05 IST" duration-ms="24174" status="PASS">
          <reporter-output>
          </reporter-output>
        </test-method> <!-- setup -->
        <test-method signature="newCustomerAdding()[pri:0, instance:tests.TC_NC_006@48d5f34e]" started-at="2025-03-26T12:50:05 IST" name="newCustomerAdding" finished-at="2025-03-26T12:50:05 IST" duration-ms="538" status="PASS">
          <reporter-output>
          </reporter-output>
        </test-method> <!-- newCustomerAdding -->
        <test-method is-config="true" signature="tearDownClass()[pri:0, instance:tests.TC_NC_006@48d5f34e]" started-at="2025-03-26T12:50:05 IST" name="tearDownClass" finished-at="2025-03-26T12:50:06 IST" duration-ms="470" status="PASS">
          <reporter-output>
          </reporter-output>
        </test-method> <!-- tearDownClass -->
      </class> <!-- tests.TC_NC_006 -->
      <class name="tests.TC_NC_027">
        <test-method is-config="true" signature="setup()[pri:0, instance:tests.TC_NC_027@23fb172e]" started-at="2025-03-26T12:55:02 IST" name="setup" finished-at="2025-03-26T12:55:34 IST" duration-ms="32114" status="PASS">
          <reporter-output>
          </reporter-output>
        </test-method> <!-- setup -->
        <test-method signature="newCustomerAdding()[pri:0, instance:tests.TC_NC_027@23fb172e]" started-at="2025-03-26T12:55:34 IST" name="newCustomerAdding" finished-at="2025-03-26T12:55:34 IST" duration-ms="441" status="PASS">
          <reporter-output>
          </reporter-output>
        </test-method> <!-- newCustomerAdding -->
        <test-method is-config="true" signature="tearDownClass()[pri:0, instance:tests.TC_NC_027@23fb172e]" started-at="2025-03-26T12:55:34 IST" name="tearDownClass" finished-at="2025-03-26T12:55:35 IST" duration-ms="546" status="PASS">
          <reporter-output>
          </reporter-output>
        </test-method> <!-- tearDownClass -->
      </class> <!-- tests.TC_NC_027 -->
      <class name="tests.TC_NC_005">
        <test-method is-config="true" signature="setup()[pri:0, instance:tests.TC_NC_005@2d1dee39]" started-at="2025-03-26T12:49:22 IST" name="setup" finished-at="2025-03-26T12:49:40 IST" duration-ms="17979" status="PASS">
          <reporter-output>
          </reporter-output>
        </test-method> <!-- setup -->
        <test-method signature="newCustomerAdding()[pri:0, instance:tests.TC_NC_005@2d1dee39]" started-at="2025-03-26T12:49:40 IST" name="newCustomerAdding" finished-at="2025-03-26T12:49:40 IST" duration-ms="487" status="PASS">
          <reporter-output>
          </reporter-output>
        </test-method> <!-- newCustomerAdding -->
        <test-method is-config="true" signature="tearDownClass()[pri:0, instance:tests.TC_NC_005@2d1dee39]" started-at="2025-03-26T12:49:40 IST" name="tearDownClass" finished-at="2025-03-26T12:49:40 IST" duration-ms="408" status="PASS">
          <reporter-output>
          </reporter-output>
        </test-method> <!-- tearDownClass -->
      </class> <!-- tests.TC_NC_005 -->
      <class name="tests.TC_NC_026">
        <test-method is-config="true" signature="setup()[pri:0, instance:tests.TC_NC_026@299321e2]" started-at="2025-03-26T12:54:42 IST" name="setup" finished-at="2025-03-26T12:55:01 IST" duration-ms="18533" status="PASS">
          <reporter-output>
          </reporter-output>
        </test-method> <!-- setup -->
        <test-method signature="newCustomerAdding()[pri:0, instance:tests.TC_NC_026@299321e2]" started-at="2025-03-26T12:55:01 IST" name="newCustomerAdding" finished-at="2025-03-26T12:55:01 IST" duration-ms="379" status="PASS">
          <reporter-output>
          </reporter-output>
        </test-method> <!-- newCustomerAdding -->
        <test-method is-config="true" signature="tearDownClass()[pri:0, instance:tests.TC_NC_026@299321e2]" started-at="2025-03-26T12:55:01 IST" name="tearDownClass" finished-at="2025-03-26T12:55:02 IST" duration-ms="470" status="PASS">
          <reporter-output>
          </reporter-output>
        </test-method> <!-- tearDownClass -->
      </class> <!-- tests.TC_NC_026 -->
      <class name="tests.TC_NC_004">
        <test-method is-config="true" signature="setup()[pri:0, instance:tests.TC_NC_004@47f4e407]" started-at="2025-03-26T12:49:07 IST" name="setup" finished-at="2025-03-26T12:49:20 IST" duration-ms="13398" status="PASS">
          <reporter-output>
          </reporter-output>
        </test-method> <!-- setup -->
        <test-method signature="newCustomerAdding()[pri:0, instance:tests.TC_NC_004@47f4e407]" started-at="2025-03-26T12:49:20 IST" name="newCustomerAdding" finished-at="2025-03-26T12:49:21 IST" duration-ms="738" status="PASS">
          <reporter-output>
          </reporter-output>
        </test-method> <!-- newCustomerAdding -->
        <test-method is-config="true" signature="tearDownClass()[pri:0, instance:tests.TC_NC_004@47f4e407]" started-at="2025-03-26T12:49:21 IST" name="tearDownClass" finished-at="2025-03-26T12:49:22 IST" duration-ms="392" status="PASS">
          <reporter-output>
          </reporter-output>
        </test-method> <!-- tearDownClass -->
      </class> <!-- tests.TC_NC_004 -->
      <class name="tests.TC_NC_025">
        <test-method is-config="true" signature="setup()[pri:0, instance:tests.TC_NC_025@6622fc65]" started-at="2025-03-26T12:54:30 IST" name="setup" finished-at="2025-03-26T12:54:41 IST" duration-ms="11234" status="PASS">
          <reporter-output>
          </reporter-output>
        </test-method> <!-- setup -->
        <test-method signature="newCustomerAdding()[pri:0, instance:tests.TC_NC_025@6622fc65]" started-at="2025-03-26T12:54:41 IST" name="newCustomerAdding" finished-at="2025-03-26T12:54:42 IST" duration-ms="339" status="PASS">
          <reporter-output>
          </reporter-output>
        </test-method> <!-- newCustomerAdding -->
        <test-method is-config="true" signature="tearDownClass()[pri:0, instance:tests.TC_NC_025@6622fc65]" started-at="2025-03-26T12:54:42 IST" name="tearDownClass" finished-at="2025-03-26T12:54:42 IST" duration-ms="452" status="PASS">
          <reporter-output>
          </reporter-output>
        </test-method> <!-- tearDownClass -->
      </class> <!-- tests.TC_NC_025 -->
      <class name="tests.TC_NC_003">
        <test-method is-config="true" signature="setup()[pri:0, instance:tests.TC_NC_003@65045a87]" started-at="2025-03-26T12:48:54 IST" name="setup" finished-at="2025-03-26T12:49:06 IST" duration-ms="12469" status="PASS">
          <reporter-output>
          </reporter-output>
        </test-method> <!-- setup -->
        <test-method signature="newCustomerAdding()[pri:0, instance:tests.TC_NC_003@65045a87]" started-at="2025-03-26T12:49:06 IST" name="newCustomerAdding" finished-at="2025-03-26T12:49:07 IST" duration-ms="519" status="PASS">
          <reporter-output>
          </reporter-output>
        </test-method> <!-- newCustomerAdding -->
        <test-method is-config="true" signature="tearDownClass()[pri:0, instance:tests.TC_NC_003@65045a87]" started-at="2025-03-26T12:49:07 IST" name="tearDownClass" finished-at="2025-03-26T12:49:07 IST" duration-ms="405" status="PASS">
          <reporter-output>
          </reporter-output>
        </test-method> <!-- tearDownClass -->
      </class> <!-- tests.TC_NC_003 -->
      <class name="tests.TC_NC_024">
        <test-method is-config="true" signature="setup()[pri:0, instance:tests.TC_NC_024@d3957fe]" started-at="2025-03-26T12:54:07 IST" name="setup" finished-at="2025-03-26T12:54:29 IST" duration-ms="22010" status="PASS">
          <reporter-output>
          </reporter-output>
        </test-method> <!-- setup -->
        <test-method signature="newCustomerAdding()[pri:0, instance:tests.TC_NC_024@d3957fe]" started-at="2025-03-26T12:54:29 IST" name="newCustomerAdding" finished-at="2025-03-26T12:54:30 IST" duration-ms="287" status="PASS">
          <reporter-output>
          </reporter-output>
        </test-method> <!-- newCustomerAdding -->
        <test-method is-config="true" signature="tearDownClass()[pri:0, instance:tests.TC_NC_024@d3957fe]" started-at="2025-03-26T12:54:30 IST" name="tearDownClass" finished-at="2025-03-26T12:54:30 IST" duration-ms="429" status="PASS">
          <reporter-output>
          </reporter-output>
        </test-method> <!-- tearDownClass -->
      </class> <!-- tests.TC_NC_024 -->
      <class name="tests.TC_NC_002">
        <test-method is-config="true" signature="setup()[pri:0, instance:tests.TC_NC_002@54c62d71]" started-at="2025-03-26T12:48:29 IST" name="setup" finished-at="2025-03-26T12:48:53 IST" duration-ms="24105" status="PASS">
          <reporter-output>
          </reporter-output>
        </test-method> <!-- setup -->
        <test-method signature="newCustomerAdding()[pri:0, instance:tests.TC_NC_002@54c62d71]" started-at="2025-03-26T12:48:53 IST" name="newCustomerAdding" finished-at="2025-03-26T12:48:53 IST" duration-ms="492" status="PASS">
          <reporter-output>
          </reporter-output>
        </test-method> <!-- newCustomerAdding -->
        <test-method is-config="true" signature="tearDownClass()[pri:0, instance:tests.TC_NC_002@54c62d71]" started-at="2025-03-26T12:48:53 IST" name="tearDownClass" finished-at="2025-03-26T12:48:54 IST" duration-ms="455" status="PASS">
          <reporter-output>
          </reporter-output>
        </test-method> <!-- tearDownClass -->
      </class> <!-- tests.TC_NC_002 -->
      <class name="tests.TC_NC_023">
        <test-method is-config="true" signature="setup()[pri:0, instance:tests.TC_NC_023@732f29af]" started-at="2025-03-26T12:53:51 IST" name="setup" finished-at="2025-03-26T12:54:07 IST" duration-ms="15616" status="PASS">
          <reporter-output>
          </reporter-output>
        </test-method> <!-- setup -->
        <test-method signature="newCustomerAdding()[pri:0, instance:tests.TC_NC_023@732f29af]" started-at="2025-03-26T12:54:07 IST" name="newCustomerAdding" finished-at="2025-03-26T12:54:07 IST" duration-ms="308" status="PASS">
          <reporter-output>
          </reporter-output>
        </test-method> <!-- newCustomerAdding -->
        <test-method is-config="true" signature="tearDownClass()[pri:0, instance:tests.TC_NC_023@732f29af]" started-at="2025-03-26T12:54:07 IST" name="tearDownClass" finished-at="2025-03-26T12:54:07 IST" duration-ms="333" status="PASS">
          <reporter-output>
          </reporter-output>
        </test-method> <!-- tearDownClass -->
      </class> <!-- tests.TC_NC_023 -->
      <class name="tests.TC_NC_001">
        <test-method is-config="true" signature="setup()[pri:0, instance:tests.TC_NC_001@3700ec9c]" started-at="2025-03-26T12:48:08 IST" name="setup" finished-at="2025-03-26T12:48:24 IST" duration-ms="15906" status="PASS">
          <reporter-output>
          </reporter-output>
        </test-method> <!-- setup -->
        <test-method signature="newCustomerAdding()[pri:0, instance:tests.TC_NC_001@3700ec9c]" started-at="2025-03-26T12:48:24 IST" name="newCustomerAdding" finished-at="2025-03-26T12:48:28 IST" duration-ms="4006" status="PASS">
          <reporter-output>
          </reporter-output>
        </test-method> <!-- newCustomerAdding -->
        <test-method is-config="true" signature="tearDownClass()[pri:0, instance:tests.TC_NC_001@3700ec9c]" started-at="2025-03-26T12:48:28 IST" name="tearDownClass" finished-at="2025-03-26T12:48:29 IST" duration-ms="552" status="PASS">
          <reporter-output>
          </reporter-output>
        </test-method> <!-- tearDownClass -->
      </class> <!-- tests.TC_NC_001 -->
      <class name="tests.TC_NC_022">
        <test-method is-config="true" signature="setup()[pri:0, instance:tests.TC_NC_022@45815ffc]" started-at="2025-03-26T12:53:40 IST" name="setup" finished-at="2025-03-26T12:53:50 IST" duration-ms="10500" status="PASS">
          <reporter-output>
          </reporter-output>
        </test-method> <!-- setup -->
        <test-method signature="newCustomerAdding()[pri:0, instance:tests.TC_NC_022@45815ffc]" started-at="2025-03-26T12:53:50 IST" name="newCustomerAdding" finished-at="2025-03-26T12:53:51 IST" duration-ms="446" status="PASS">
          <reporter-output>
          </reporter-output>
        </test-method> <!-- newCustomerAdding -->
        <test-method is-config="true" signature="tearDownClass()[pri:0, instance:tests.TC_NC_022@45815ffc]" started-at="2025-03-26T12:53:51 IST" name="tearDownClass" finished-at="2025-03-26T12:53:51 IST" duration-ms="378" status="PASS">
          <reporter-output>
          </reporter-output>
        </test-method> <!-- tearDownClass -->
      </class> <!-- tests.TC_NC_022 -->
      <class name="tests.TC_NC_021">
        <test-method is-config="true" signature="setup()[pri:0, instance:tests.TC_NC_021@70a36a66]" started-at="2025-03-26T12:53:28 IST" name="setup" finished-at="2025-03-26T12:53:39 IST" duration-ms="10735" status="PASS">
          <reporter-output>
          </reporter-output>
        </test-method> <!-- setup -->
        <test-method signature="newCustomerAdding()[pri:0, instance:tests.TC_NC_021@70a36a66]" started-at="2025-03-26T12:53:39 IST" name="newCustomerAdding" finished-at="2025-03-26T12:53:39 IST" duration-ms="244" status="PASS">
          <reporter-output>
          </reporter-output>
        </test-method> <!-- newCustomerAdding -->
        <test-method is-config="true" signature="tearDownClass()[pri:0, instance:tests.TC_NC_021@70a36a66]" started-at="2025-03-26T12:53:39 IST" name="tearDownClass" finished-at="2025-03-26T12:53:40 IST" duration-ms="435" status="PASS">
          <reporter-output>
          </reporter-output>
        </test-method> <!-- tearDownClass -->
      </class> <!-- tests.TC_NC_021 -->
      <class name="tests.TC_NC_020">
        <test-method is-config="true" signature="setup()[pri:0, instance:tests.TC_NC_020@35a9782c]" started-at="2025-03-26T12:53:17 IST" name="setup" finished-at="2025-03-26T12:53:28 IST" duration-ms="11197" status="PASS">
          <reporter-output>
          </reporter-output>
        </test-method> <!-- setup -->
        <test-method signature="newCustomerAdding()[pri:0, instance:tests.TC_NC_020@35a9782c]" started-at="2025-03-26T12:53:28 IST" name="newCustomerAdding" finished-at="2025-03-26T12:53:28 IST" duration-ms="312" status="PASS">
          <reporter-output>
          </reporter-output>
        </test-method> <!-- newCustomerAdding -->
        <test-method is-config="true" signature="tearDownClass()[pri:0, instance:tests.TC_NC_020@35a9782c]" started-at="2025-03-26T12:53:28 IST" name="tearDownClass" finished-at="2025-03-26T12:53:28 IST" duration-ms="373" status="PASS">
          <reporter-output>
          </reporter-output>
        </test-method> <!-- tearDownClass -->
      </class> <!-- tests.TC_NC_020 -->
      <class name="tests.TC_NC_019">
        <test-method is-config="true" signature="setup()[pri:0, instance:tests.TC_NC_019@50ecde95]" started-at="2025-03-26T12:53:06 IST" name="setup" finished-at="2025-03-26T12:53:16 IST" duration-ms="10144" status="PASS">
          <reporter-output>
          </reporter-output>
        </test-method> <!-- setup -->
        <test-method signature="newCustomerAdding()[pri:0, instance:tests.TC_NC_019@50ecde95]" started-at="2025-03-26T12:53:16 IST" name="newCustomerAdding" finished-at="2025-03-26T12:53:16 IST" duration-ms="293" status="PASS">
          <reporter-output>
          </reporter-output>
        </test-method> <!-- newCustomerAdding -->
        <test-method is-config="true" signature="tearDownClass()[pri:0, instance:tests.TC_NC_019@50ecde95]" started-at="2025-03-26T12:53:16 IST" name="tearDownClass" finished-at="2025-03-26T12:53:17 IST" duration-ms="440" status="PASS">
          <reporter-output>
          </reporter-output>
        </test-method> <!-- tearDownClass -->
      </class> <!-- tests.TC_NC_019 -->
      <class name="tests.TC_NC_018">
        <test-method is-config="true" signature="setup()[pri:0, instance:tests.TC_NC_018@2072acb2]" started-at="2025-03-26T12:52:53 IST" name="setup" finished-at="2025-03-26T12:53:05 IST" duration-ms="12137" status="PASS">
          <reporter-output>
          </reporter-output>
        </test-method> <!-- setup -->
        <test-method signature="newCustomerAdding()[pri:0, instance:tests.TC_NC_018@2072acb2]" started-at="2025-03-26T12:53:05 IST" name="newCustomerAdding" finished-at="2025-03-26T12:53:05 IST" duration-ms="417" status="PASS">
          <reporter-output>
          </reporter-output>
        </test-method> <!-- newCustomerAdding -->
        <test-method is-config="true" signature="tearDownClass()[pri:0, instance:tests.TC_NC_018@2072acb2]" started-at="2025-03-26T12:53:05 IST" name="tearDownClass" finished-at="2025-03-26T12:53:06 IST" duration-ms="377" status="PASS">
          <reporter-output>
          </reporter-output>
        </test-method> <!-- tearDownClass -->
      </class> <!-- tests.TC_NC_018 -->
      <class name="tests.TC_NC_017">
        <test-method is-config="true" signature="setup()[pri:0, instance:tests.TC_NC_017@7216fb24]" started-at="2025-03-26T12:52:42 IST" name="setup" finished-at="2025-03-26T12:52:52 IST" duration-ms="10444" status="PASS">
          <reporter-output>
          </reporter-output>
        </test-method> <!-- setup -->
        <test-method signature="newCustomerAdding()[pri:0, instance:tests.TC_NC_017@7216fb24]" started-at="2025-03-26T12:52:52 IST" name="newCustomerAdding" finished-at="2025-03-26T12:52:52 IST" duration-ms="321" status="PASS">
          <reporter-output>
          </reporter-output>
        </test-method> <!-- newCustomerAdding -->
        <test-method is-config="true" signature="tearDownClass()[pri:0, instance:tests.TC_NC_017@7216fb24]" started-at="2025-03-26T12:52:52 IST" name="tearDownClass" finished-at="2025-03-26T12:52:53 IST" duration-ms="405" status="PASS">
          <reporter-output>
          </reporter-output>
        </test-method> <!-- tearDownClass -->
      </class> <!-- tests.TC_NC_017 -->
      <class name="tests.TC_NC_016">
        <test-method is-config="true" signature="setup()[pri:0, instance:tests.TC_NC_016@4b45dcb8]" started-at="2025-03-26T12:52:28 IST" name="setup" finished-at="2025-03-26T12:52:41 IST" duration-ms="12736" status="PASS">
          <reporter-output>
          </reporter-output>
        </test-method> <!-- setup -->
        <test-method signature="newCustomerAdding()[pri:0, instance:tests.TC_NC_016@4b45dcb8]" started-at="2025-03-26T12:52:41 IST" name="newCustomerAdding" finished-at="2025-03-26T12:52:41 IST" duration-ms="288" status="PASS">
          <reporter-output>
          </reporter-output>
        </test-method> <!-- newCustomerAdding -->
        <test-method is-config="true" signature="tearDownClass()[pri:0, instance:tests.TC_NC_016@4b45dcb8]" started-at="2025-03-26T12:52:41 IST" name="tearDownClass" finished-at="2025-03-26T12:52:42 IST" duration-ms="414" status="PASS">
          <reporter-output>
          </reporter-output>
        </test-method> <!-- tearDownClass -->
      </class> <!-- tests.TC_NC_016 -->
      <class name="tests.TC_NC_015">
        <test-method is-config="true" signature="setup()[pri:0, instance:tests.TC_NC_015@2ceb80a1]" started-at="2025-03-26T12:52:07 IST" name="setup" finished-at="2025-03-26T12:52:27 IST" duration-ms="20781" status="PASS">
          <reporter-output>
          </reporter-output>
        </test-method> <!-- setup -->
        <test-method signature="newCustomerAdding()[pri:0, instance:tests.TC_NC_015@2ceb80a1]" started-at="2025-03-26T12:52:27 IST" name="newCustomerAdding" finished-at="2025-03-26T12:52:28 IST" duration-ms="309" status="PASS">
          <reporter-output>
          </reporter-output>
        </test-method> <!-- newCustomerAdding -->
        <test-method is-config="true" signature="tearDownClass()[pri:0, instance:tests.TC_NC_015@2ceb80a1]" started-at="2025-03-26T12:52:28 IST" name="tearDownClass" finished-at="2025-03-26T12:52:28 IST" duration-ms="395" status="PASS">
          <reporter-output>
          </reporter-output>
        </test-method> <!-- tearDownClass -->
      </class> <!-- tests.TC_NC_015 -->
      <class name="tests.TC_NC_014">
        <test-method is-config="true" signature="setup()[pri:0, instance:tests.TC_NC_014@2b0f373b]" started-at="2025-03-26T12:51:38 IST" name="setup" finished-at="2025-03-26T12:52:06 IST" duration-ms="28091" status="PASS">
          <reporter-output>
          </reporter-output>
        </test-method> <!-- setup -->
        <test-method signature="newCustomerAdding()[pri:0, instance:tests.TC_NC_014@2b0f373b]" started-at="2025-03-26T12:52:06 IST" name="newCustomerAdding" finished-at="2025-03-26T12:52:06 IST" duration-ms="477" status="PASS">
          <reporter-output>
          </reporter-output>
        </test-method> <!-- newCustomerAdding -->
        <test-method is-config="true" signature="tearDownClass()[pri:0, instance:tests.TC_NC_014@2b0f373b]" started-at="2025-03-26T12:52:06 IST" name="tearDownClass" finished-at="2025-03-26T12:52:07 IST" duration-ms="479" status="PASS">
          <reporter-output>
          </reporter-output>
        </test-method> <!-- tearDownClass -->
      </class> <!-- tests.TC_NC_014 -->
      <class name="tests.TC_NC_013">
        <test-method is-config="true" signature="setup()[pri:0, instance:tests.TC_NC_013@674bd420]" started-at="2025-03-26T12:51:19 IST" name="setup" finished-at="2025-03-26T12:51:37 IST" duration-ms="17418" status="PASS">
          <reporter-output>
          </reporter-output>
        </test-method> <!-- setup -->
        <test-method signature="newCustomerAdding()[pri:0, instance:tests.TC_NC_013@674bd420]" started-at="2025-03-26T12:51:37 IST" name="newCustomerAdding" finished-at="2025-03-26T12:51:37 IST" duration-ms="322" status="PASS">
          <reporter-output>
          </reporter-output>
        </test-method> <!-- newCustomerAdding -->
        <test-method is-config="true" signature="tearDownClass()[pri:0, instance:tests.TC_NC_013@674bd420]" started-at="2025-03-26T12:51:37 IST" name="tearDownClass" finished-at="2025-03-26T12:51:38 IST" duration-ms="406" status="PASS">
          <reporter-output>
          </reporter-output>
        </test-method> <!-- tearDownClass -->
      </class> <!-- tests.TC_NC_013 -->
      <class name="tests.TC_NC_012">
        <test-method is-config="true" signature="setup()[pri:0, instance:tests.TC_NC_012@acdb094]" started-at="2025-03-26T12:51:08 IST" name="setup" finished-at="2025-03-26T12:51:19 IST" duration-ms="10754" status="PASS">
          <reporter-output>
          </reporter-output>
        </test-method> <!-- setup -->
        <test-method signature="newCustomerAdding()[pri:0, instance:tests.TC_NC_012@acdb094]" started-at="2025-03-26T12:51:19 IST" name="newCustomerAdding" finished-at="2025-03-26T12:51:19 IST" duration-ms="316" status="PASS">
          <reporter-output>
          </reporter-output>
        </test-method> <!-- newCustomerAdding -->
        <test-method is-config="true" signature="tearDownClass()[pri:0, instance:tests.TC_NC_012@acdb094]" started-at="2025-03-26T12:51:19 IST" name="tearDownClass" finished-at="2025-03-26T12:51:19 IST" duration-ms="366" status="PASS">
          <reporter-output>
          </reporter-output>
        </test-method> <!-- tearDownClass -->
      </class> <!-- tests.TC_NC_012 -->
      <class name="tests.TC_NC_011">
        <test-method is-config="true" signature="setup()[pri:0, instance:tests.TC_NC_011@57ea113a]" started-at="2025-03-26T12:50:55 IST" name="setup" finished-at="2025-03-26T12:51:07 IST" duration-ms="12073" status="PASS">
          <reporter-output>
          </reporter-output>
        </test-method> <!-- setup -->
        <test-method signature="newCustomerAdding()[pri:0, instance:tests.TC_NC_011@57ea113a]" started-at="2025-03-26T12:51:07 IST" name="newCustomerAdding" finished-at="2025-03-26T12:51:08 IST" duration-ms="219" status="PASS">
          <reporter-output>
          </reporter-output>
        </test-method> <!-- newCustomerAdding -->
        <test-method is-config="true" signature="tearDownClass()[pri:0, instance:tests.TC_NC_011@57ea113a]" started-at="2025-03-26T12:51:08 IST" name="tearDownClass" finished-at="2025-03-26T12:51:08 IST" duration-ms="378" status="PASS">
          <reporter-output>
          </reporter-output>
        </test-method> <!-- tearDownClass -->
      </class> <!-- tests.TC_NC_011 -->
      <class name="tests.TC_NC_010">
        <test-method is-config="true" signature="setup()[pri:0, instance:tests.TC_NC_010@4af0df05]" started-at="2025-03-26T12:50:42 IST" name="setup" finished-at="2025-03-26T12:50:54 IST" duration-ms="12972" status="PASS">
          <reporter-output>
          </reporter-output>
        </test-method> <!-- setup -->
        <test-method signature="newCustomerAdding()[pri:0, instance:tests.TC_NC_010@4af0df05]" started-at="2025-03-26T12:50:54 IST" name="newCustomerAdding" finished-at="2025-03-26T12:50:55 IST" duration-ms="515" status="PASS">
          <reporter-output>
          </reporter-output>
        </test-method> <!-- newCustomerAdding -->
        <test-method is-config="true" signature="tearDownClass()[pri:0, instance:tests.TC_NC_010@4af0df05]" started-at="2025-03-26T12:50:55 IST" name="tearDownClass" finished-at="2025-03-26T12:50:55 IST" duration-ms="358" status="PASS">
          <reporter-output>
          </reporter-output>
        </test-method> <!-- tearDownClass -->
      </class> <!-- tests.TC_NC_010 -->
    </test> <!-- Test -->
  </suite> <!-- Suite -->
</testng-results>
